
> sv-uvm-guide@0.1.0 prebuild /app
> npm run generate:curriculum

npm warn Unknown env config "verify-deps-before-run". This will stop working in the next major version of npm. See `npm help npmrc` for supported config options.
npm warn Unknown env config "npm-globalconfig". This will stop working in the next major version of npm. See `npm help npmrc` for supported config options.
npm warn Unknown env config "_jsr-registry". This will stop working in the next major version of npm. See `npm help npmrc` for supported config options.

> sv-uvm-guide@0.1.0 generate:curriculum
> ts-node --project tsconfig.scripts.json scripts/generate-curriculum-data.ts

curriculum data written to /app/src/lib/curriculum-data.tsx

> sv-uvm-guide@0.1.0 build /app
> npm run type-check && next build

npm warn Unknown env config "verify-deps-before-run". This will stop working in the next major version of npm. See `npm help npmrc` for supported config options.
npm warn Unknown env config "npm-globalconfig". This will stop working in the next major version of npm. See `npm help npmrc` for supported config options.
npm warn Unknown env config "_jsr-registry". This will stop working in the next major version of npm. See `npm help npmrc` for supported config options.

> sv-uvm-guide@0.1.0 type-check
> tsc --noEmit

tests/security-config.test.ts(22,19): error TS2540: Cannot assign to 'NODE_ENV' because it is a read-only property.
tests/security-config.test.ts(31,19): error TS2540: Cannot assign to 'NODE_ENV' because it is a read-only property.
tests/security-config.test.ts(41,19): error TS2540: Cannot assign to 'NODE_ENV' because it is a read-only property.
tests/security-config.test.ts(51,19): error TS2540: Cannot assign to 'NODE_ENV' because it is a read-only property.
 ELIFECYCLE  Command failed with exit code 2.
