
> sv-uvm-guide@0.1.0 dev /app
> npx prisma generate && next dev

npm warn Unknown env config "verify-deps-before-run". This will stop working in the next major version of npm. See `npm help npmrc` for supported config options.
npm warn Unknown env config "npm-globalconfig". This will stop working in the next major version of npm. See `npm help npmrc` for supported config options.
npm warn Unknown env config "_jsr-registry". This will stop working in the next major version of npm. See `npm help npmrc` for supported config options.
Prisma schema loaded from prisma/schema.prisma

✔ Generated Prisma Client (v6.19.2) to ./node_modules/.pnpm/@prisma+client@6.19.2_prisma@6.19.2_typescript@5.8.3__typescript@5.8.3/node_modules/@prisma/client in 100ms

Start by importing your Prisma Client (See: https://pris.ly/d/importing-client)

Tip: Want to turn off tips and other hints? https://pris.ly/tip-4-nohints

  ▲ Next.js 14.2.35
  - Local:        http://localhost:3000

 ✓ Starting...
 ✓ Ready in 2.5s
 ○ Compiling /curriculum ...
 ✓ Compiled /curriculum in 12.9s (1822 modules)
Using MOCK Firebase configuration. Replace with actual Firebase setup later.
Using mock Firebase configuration. Set NEXT_PUBLIC_FIREBASE_* env vars for production.
 GET /curriculum 200 in 13740ms
 ○ Compiling /api/auth/[...nextauth] ...
 ✓ Compiled /api/auth/[...nextauth] in 10.5s (1219 modules)
[next-auth][warn][NEXTAUTH_URL]
https://next-auth.js.org/warnings#nextauth_url
 GET /api/auth/session 200 in 11398ms
 GET /api/auth/session 200 in 46ms
